  ~~~
  <h3>JuliaData/CSV.jl</h3>
  p2.toml
  ~~~
  ~~~ 
<pre>
<div class="hljs"><span style="color:red;">------ </span><span style="color:inherit;">test/testfiles.jl</span>
<span style="color:green;">++++++ </span><span style="color:inherit;">test/testfiles.jl</span>
<span style="color:inherit;">@|</span><span style="color:inherit;">-16,7 +16,7</span> ============================================================
<span style="color:inherit;"> |</span>    @test Tuple(expected_sch.types) == actual_sch.types
<span style="color:inherit;"> |</span>    @test Tuple(expected_sch.names) == actual_sch.names
<span style="color:inherit;"> |</span>    @test (length(t) == 0 ? 0 : length(t[1]), length(t)) == expected_sz
<span style="color:red;">-|</span></span><span style="color:gray;">    if </span><span style="color:red;">testfunc === nothing</span></span>
<span style="color:green;">+|</span></span>    if <span style="color:green;">isnothing(testfunc)</span></span>
<span style="color:inherit;"> |</span>    elseif testfunc isa Function
<span style="color:inherit;"> |</span>        testfunc(t)
<span style="color:inherit;"> |</span>    else
<span style="color:red;">------ </span><span style="color:inherit;">src/utils.jl</span>
<span style="color:green;">++++++ </span><span style="color:inherit;">src/utils.jl</span>
<span style="color:inherit;">@|</span><span style="color:inherit;">-368,7 +368,7</span> ============================================================
<span style="color:inherit;"> |</span>    if Parsers.ok(code) && vpos + vlen - 1 == len
<span style="color:inherit;"> |</span>        return float
<span style="color:inherit;"> |</span>    end
<span style="color:red;">-|</span></span><span style="color:gray;">    if </span><span style="color:gray;">options.dateformat</span><span style="color:red;"> === nothing</span></span>
<span style="color:green;">+|</span></span>    if <span style="color:green;">isnothing(</span>options.dateformat<span style="color:green;">)</span></span>
<span style="color:inherit;"> |</span>        try
<span style="color:inherit;"> |</span>            date, code, vpos, vlen, tlen = Parsers.xparse(Date, buf, pos, len, options)
<span style="color:inherit;"> |</span>            if Parsers.ok(code) && vpos + vlen - 1 == len
<span style="color:red;">------ </span><span style="color:inherit;">src/write.jl</span>
<span style="color:green;">++++++ </span><span style="color:inherit;">src/write.jl</span>
<span style="color:inherit;">@|</span><span style="color:inherit;">-229,7 +229,7</span> ============================================================
<span style="color:inherit;"> |</span>    buf = Vector{UInt8}(undef, len)
<span style="color:inherit;"> |</span>    pos = 1
<span style="color:inherit;"> |</span>    state = iterate(rows)
<span style="color:red;">-|</span></span><span style="color:gray;">    if </span><span style="color:red;">state === nothing</span></span>
<span style="color:green;">+|</span></span>    if <span style="color:green;">isnothing(state)</span></span>
<span style="color:inherit;"> |</span>        if header isa Vector && !isempty(header)
<span style="color:inherit;"> |</span>            with(file, append) do io
<span style="color:inherit;"> |</span>                ! append && opts.bom && (pos = writebom(buf, pos, len) )
<span style="color:red;">------ </span><span style="color:inherit;">src/file.jl</span>
<span style="color:green;">++++++ </span><span style="color:inherit;">src/file.jl</span>
<span style="color:inherit;">@|</span><span style="color:inherit;">-240,7 +240,7</span> ============================================================
<span style="color:inherit;"> |</span>    transpose = gettranspose(h)
<span style="color:inherit;"> |</span>    # determine if we can use threads while parsing
<span style="color:inherit;"> |</span>    minrows = min(something(limit, typemax(Int64)), rowsguess)
<span style="color:red;">-|</span></span><span style="color:gray;">    if </span><span style="color:red;">threaded === nothing</span><span style="color:gray;"> && VERSION >= v"1.3-DEV" && tasks > 1 && !transpose && minrows > (tasks * 5) && (minrows * ncols) >= 5_000</span></span>
<span style="color:green;">+|</span></span>    if <span style="color:green;">isnothing(threaded)</span> && VERSION >= v"1.3-DEV" && tasks > 1 && !transpose && minrows > (tasks * 5) && (minrows * ncols) >= 5_000</span>
<span style="color:inherit;"> |</span>        threaded = true
<span style="color:inherit;"> |</span>    elseif threaded === true
<span style="color:inherit;"> |</span>        if VERSION < v"1.3-DEV"
<span style="color:inherit;">@|</span><span style="color:inherit;">-757,7 +757,7</span> ============================================================
<span style="color:inherit;"> |</span>            @goto stringdetect
<span style="color:inherit;"> |</span>        end
<span style="color:inherit;"> |</span>    end
<span style="color:red;">-|</span></span><span style="color:gray;">    if </span><span style="color:gray;">options.dateformat</span><span style="color:red;"> === nothing</span></span>
<span style="color:green;">+|</span></span>    if <span style="color:green;">isnothing(</span>options.dateformat<span style="color:green;">)</span></span>
<span style="color:inherit;"> |</span>        try
<span style="color:inherit;"> |</span>            date, code, vpos, vlen, tlen = Parsers.xparse(Date, buf, pos, len, options)
<span style="color:inherit;"> |</span>            if Parsers.ok(code)
<span style="color:red;">------ </span><span style="color:inherit;">src/CSV.jl</span>
<span style="color:green;">++++++ </span><span style="color:inherit;">src/CSV.jl</span>
<span style="color:inherit;">@|</span><span style="color:inherit;">-39,7 +39,7</span> ============================================================
<span style="color:inherit;"> |</span>`CSV.read` supports all the same keyword arguments as [`CSV.File`](@ref).
<span style="color:inherit;"> |</span>"""
<span style="color:inherit;"> |</span>function read(source, sink=nothing; copycols::Bool=false, kwargs...)
<span style="color:red;">-|</span></span><span style="color:gray;">    if </span><span style="color:red;">sink === nothing</span></span>
<span style="color:green;">+|</span></span>    if <span style="color:green;">isnothing(sink)</span></span>
<span style="color:inherit;"> |</span>        throw(ArgumentError("provide a valid sink argument, like `using DataFrames; CSV.read(source, DataFrame)`"))
<span style="color:inherit;"> |</span>    end
<span style="color:inherit;"> |</span>    Tables.CopiedColumns(CSV.File(source; kwargs...)) |> sink
<span style="color:red;">------ </span><span style="color:inherit;">src/header.jl</span>
<span style="color:green;">++++++ </span><span style="color:inherit;">src/header.jl</span>
<span style="color:inherit;">@|</span><span style="color:inherit;">-117,7 +117,7</span> ============================================================
<span style="color:inherit;"> |</span>    falses = falsestrings === nothing ? nothing : falsestrings
<span style="color:inherit;"> |</span>    sentinel = ((isempty(missingstrings) && missingstring == "") || (length(missingstrings) == 1 && missingstrings[1] == "")) ? missing : isempty(missingstrings) ? [missingstring] : missingstrings
<span style="color:inherit;"> |</span>
<span style="color:red;">-|</span></span><span style="color:gray;">    if </span><span style="color:red;">delim === nothing</span></span>
<span style="color:green;">+|</span></span>    if <span style="color:green;">isnothing(delim)</span></span>
<span style="color:inherit;"> |</span>        del = isa(source, AbstractString) && endswith(source, ".tsv") ? UInt8('\t') :
<span style="color:inherit;"> |</span>            isa(source, AbstractString) && endswith(source, ".wsv") ? UInt8(' ') :
<span style="color:inherit;"> |</span>            UInt8('</div>
</pre>
~~~


